c:\users\jimmy\desktop\comp3015\x64\debug\vc143.pdb
c:\users\jimmy\desktop\comp3015\x64\debug\vc143.idb
c:\users\jimmy\desktop\comp3015\x64\debug\trianglemesh.obj
c:\users\jimmy\desktop\comp3015\x64\debug\texture.obj
c:\users\jimmy\desktop\comp3015\x64\debug\stb_image.obj
c:\users\jimmy\desktop\comp3015\x64\debug\skybox.obj
c:\users\jimmy\desktop\comp3015\x64\debug\gamescene.obj
c:\users\jimmy\desktop\comp3015\x64\debug\plane.obj
c:\users\jimmy\desktop\comp3015\x64\debug\objmesh.obj
c:\users\jimmy\desktop\comp3015\x64\debug\object.obj
c:\users\jimmy\desktop\comp3015\x64\debug\main.obj
c:\users\jimmy\desktop\comp3015\x64\debug\input.obj
c:\users\jimmy\desktop\comp3015\x64\debug\glutils.obj
c:\users\jimmy\desktop\comp3015\x64\debug\glslprogram.obj
c:\users\jimmy\desktop\comp3015\x64\debug\cube.obj
c:\users\jimmy\desktop\comp3015\x64\debug\background.obj
c:\users\jimmy\desktop\comp3015\x64\debug\scenerunner.obj
c:\users\jimmy\desktop\comp3015\x64\debug\glad.obj
c:\users\jimmy\desktop\comp3015\x64\debug\grass.obj
c:\users\jimmy\desktop\comp3015\x64\debug\interface.obj
c:\users\jimmy\desktop\comp3015\x64\debug\particleemitter.obj
c:\users\jimmy\desktop\comp3015\x64\debug\grid.obj
c:\users\jimmy\desktop\comp3015\x64\debug\project_template.exe
c:\users\jimmy\desktop\comp3015\x64\debug\project_template.ilk
c:\users\jimmy\desktop\comp3015\x64\debug\project_template.pdb
c:\users\jimmy\desktop\comp3015\x64\debug\interfaces.obj
c:\users\jimmy\desktop\comp3015\x64\debug\project_template.tlog\cl.command.1.tlog
c:\users\jimmy\desktop\comp3015\x64\debug\project_template.tlog\cl.items.tlog
c:\users\jimmy\desktop\comp3015\x64\debug\project_template.tlog\cl.read.1.tlog
c:\users\jimmy\desktop\comp3015\x64\debug\project_template.tlog\cl.write.1.tlog
c:\users\jimmy\desktop\comp3015\x64\debug\project_template.tlog\link.command.1.tlog
c:\users\jimmy\desktop\comp3015\x64\debug\project_template.tlog\link.read.1.tlog
c:\users\jimmy\desktop\comp3015\x64\debug\project_template.tlog\link.write.1.tlog
